<?xml version="1.0" encoding="UTF-8"?>
<!-- Generated by org.testng.reporters.JUnitXMLReporter -->
<testsuite ignored="0" hostname="DESKTOP-K7BTD54" failures="0" tests="2" name="Error Validations Test" time="35.672" errors="0" timestamp="2023-08-05T22:26:06 CEST">
  <testcase classname="rahulshettyacademy.tests.ErrorValidationsTest" name="LoginErrorValidation" time="1.655"/>
  <testcase classname="rahulshettyacademy.tests.ErrorValidationsTest" name="ProductErrorValidation" time="15.451"/>
</testsuite> <!-- Error Validations Test -->
